<?xml version="1.0" encoding="UTF-8"?>
<!-- Generated by org.testng.reporters.JUnitXMLReporter -->
<testsuite ignored="10" hostname="LTIN470133" failures="2" tests="8" name="Test" time="104.992" errors="0" timestamp="2024-04-29T06:38:58 EDT">
  <testcase classname="WorldClock.TestMain" name="userInfo" time="12.319"/>
  <testcase classname="WorldClock.TestMain" name="Test_WorldClock_Title" time="0.473"/>
  <testcase classname="WorldClock.TestMain" name="bangloreTimeZone" time="0.393"/>
  <testcase classname="WorldClock.TestMain" name="londonTime" time="0.323"/>
  <testcase classname="WorldClock.TestMain" name="NewYorkTime" time="0.35"/>
  <testcase classname="WorldClock.TestMain" name="viewApps" time="30.303">
    <failure type="org.openqa.selenium.NoSuchElementException" message="no such element: Unable to locate element: {&amp;quot;method&amp;quot;:&amp;quot;xpath&amp;quot;,&amp;quot;selector&amp;quot;:&amp;quot;//div[@class=&amp;apos;viewAllHotAppsBtn&amp;apos;]&amp;quot;}
  (Session info: chrome=120.0.6099.130)
For documentation on this error, please visit: https://www.selenium.dev/documentation/webdriver/troubleshooting/errors#no-such-element-exception
Build info: version: &amp;apos;4.18.1&amp;apos;, revision: &amp;apos;b1d3319b48&amp;apos;
System info: os.name: &amp;apos;Windows 11&amp;apos;, os.arch: &amp;apos;amd64&amp;apos;, os.version: &amp;apos;10.0&amp;apos;, java.version: &amp;apos;17.0.2&amp;apos;
Driver info: org.openqa.selenium.chrome.ChromeDriver
Command: [37a606a79f856156d57f1d72496c5696, findElement {using=xpath, value=//div[@class=&amp;apos;viewAllHotAppsBtn&amp;apos;]}]
Capabilities {acceptInsecureCerts: false, browserName: chrome, browserVersion: 120.0.6099.130, chrome: {chromedriverVersion: 120.0.6099.109 (3419140ab66..., userDataDir: C:\Windows\SystemTemp\scope...}, fedcm:accounts: true, goog:chromeOptions: {debuggerAddress: localhost:62075}, networkConnectionEnabled: false, pageLoadStrategy: normal, platformName: windows, proxy: Proxy(), se:cdp: ws://localhost:62075/devtoo..., se:cdpVersion: 120.0.6099.130, setWindowRect: true, strictFileInteractability: false, timeouts: {implicit: 0, pageLoad: 300000, script: 30000}, unhandledPromptBehavior: dismiss and notify, webauthn:extension:credBlob: true, webauthn:extension:largeBlob: true, webauthn:extension:minPinLength: true, webauthn:extension:prf: true, webauthn:virtualAuthenticators: true}
Session ID: 37a606a79f856156d57f1d72496c5696">
      <![CDATA[org.openqa.selenium.NoSuchElementException: no such element: Unable to locate element: {"method":"xpath","selector":"//div[@class='viewAllHotAppsBtn']"}
  (Session info: chrome=120.0.6099.130)
For documentation on this error, please visit: https://www.selenium.dev/documentation/webdriver/troubleshooting/errors#no-such-element-exception
Build info: version: '4.18.1', revision: 'b1d3319b48'
System info: os.name: 'Windows 11', os.arch: 'amd64', os.version: '10.0', java.version: '17.0.2'
Driver info: org.openqa.selenium.chrome.ChromeDriver
Command: [37a606a79f856156d57f1d72496c5696, findElement {using=xpath, value=//div[@class='viewAllHotAppsBtn']}]
Capabilities {acceptInsecureCerts: false, browserName: chrome, browserVersion: 120.0.6099.130, chrome: {chromedriverVersion: 120.0.6099.109 (3419140ab66..., userDataDir: C:\Windows\SystemTemp\scope...}, fedcm:accounts: true, goog:chromeOptions: {debuggerAddress: localhost:62075}, networkConnectionEnabled: false, pageLoadStrategy: normal, platformName: windows, proxy: Proxy(), se:cdp: ws://localhost:62075/devtoo..., se:cdpVersion: 120.0.6099.130, setWindowRect: true, strictFileInteractability: false, timeouts: {implicit: 0, pageLoad: 300000, script: 30000}, unhandledPromptBehavior: dismiss and notify, webauthn:extension:credBlob: true, webauthn:extension:largeBlob: true, webauthn:extension:minPinLength: true, webauthn:extension:prf: true, webauthn:virtualAuthenticators: true}
Session ID: 37a606a79f856156d57f1d72496c5696
at org.openqa.selenium.remote.ErrorCodec.decode(ErrorCodec.java:167)
at org.openqa.selenium.remote.codec.w3c.W3CHttpResponseCodec.decode(W3CHttpResponseCodec.java:138)
at org.openqa.selenium.remote.codec.w3c.W3CHttpResponseCodec.decode(W3CHttpResponseCodec.java:50)
at org.openqa.selenium.remote.HttpCommandExecutor.execute(HttpCommandExecutor.java:190)
at org.openqa.selenium.remote.service.DriverCommandExecutor.invokeExecute(DriverCommandExecutor.java:216)
at org.openqa.selenium.remote.service.DriverCommandExecutor.execute(DriverCommandExecutor.java:174)
at org.openqa.selenium.remote.RemoteWebDriver.execute(RemoteWebDriver.java:519)
at org.openqa.selenium.remote.ElementLocation$ElementFinder$2.findElement(ElementLocation.java:165)
at org.openqa.selenium.remote.ElementLocation.findElement(ElementLocation.java:59)
at org.openqa.selenium.remote.RemoteWebDriver.findElement(RemoteWebDriver.java:356)
at org.openqa.selenium.remote.RemoteWebDriver.findElement(RemoteWebDriver.java:350)
at org.openqa.selenium.support.pagefactory.DefaultElementLocator.findElement(DefaultElementLocator.java:68)
at org.openqa.selenium.support.pagefactory.internal.LocatingElementHandler.invoke(LocatingElementHandler.java:38)
at jdk.proxy2/jdk.proxy2.$Proxy16.getWrappedElement(Unknown Source)
at org.openqa.selenium.remote.internal.WebElementToJsonConverter.apply(WebElementToJsonConverter.java:50)
at java.base/java.util.stream.ReferencePipeline$3$1.accept(ReferencePipeline.java:197)
at java.base/java.util.Spliterators$ArraySpliterator.forEachRemaining(Spliterators.java:992)
at java.base/java.util.stream.AbstractPipeline.copyInto(AbstractPipeline.java:509)
at java.base/java.util.stream.AbstractPipeline.wrapAndCopyInto(AbstractPipeline.java:499)
at java.base/java.util.stream.ReduceOps$ReduceOp.evaluateSequential(ReduceOps.java:921)
at java.base/java.util.stream.AbstractPipeline.evaluate(AbstractPipeline.java:234)
at java.base/java.util.stream.ReferencePipeline.collect(ReferencePipeline.java:682)
at org.openqa.selenium.remote.RemoteWebDriver.executeScript(RemoteWebDriver.java:462)
at WorldClock.OneCognizantApps.hotAppsScroll(OneCognizantApps.java:32)
at WorldClock.TestMain.viewApps(TestMain.java:320)
at java.base/java.util.ArrayList.forEach(ArrayList.java:1511)
... Removed 32 stack frames]]>
    </failure>
  </testcase> <!-- viewApps -->
  <testcase classname="WorldClock.TestMain" name="appsAlphabet" time="30.018"/>
  <testcase classname="WorldClock.TestMain" name="randomAlphabet" time="30.055">
    <failure type="java.lang.IllegalArgumentException" message="bound must be positive">
      <![CDATA[java.lang.IllegalArgumentException: bound must be positive
at java.base/java.util.Random.nextInt(Random.java:322)
at WorldClock.TestMain.randomAlphabet(TestMain.java:375)
at java.base/java.util.ArrayList.forEach(ArrayList.java:1511)
... Removed 27 stack frames]]>
    </failure>
  </testcase> <!-- randomAlphabet -->
  <testcase classname="WorldClock.TestMain" name="NewYorkWatchTitle" time="0.0">
    <ignored/>
  </testcase> <!-- NewYorkWatchTitle -->
  <testcase classname="WorldClock.TestMain" name="londonTimeGap" time="0.0">
    <ignored/>
  </testcase> <!-- londonTimeGap -->
  <testcase classname="WorldClock.TestMain" name="NewYorkTimeGap" time="0.0">
    <ignored/>
  </testcase> <!-- NewYorkTimeGap -->
  <testcase classname="WorldClock.TestMain" name="bangaloreDate" time="0.0">
    <ignored/>
  </testcase> <!-- bangaloreDate -->
  <testcase classname="WorldClock.TestMain" name="londonDate" time="0.0">
    <ignored/>
  </testcase> <!-- londonDate -->
  <testcase classname="WorldClock.TestMain" name="scroll" time="0.0">
    <ignored/>
  </testcase> <!-- scroll -->
  <testcase classname="WorldClock.TestMain" name="bangaloreWatchTitle" time="0.0">
    <ignored/>
  </testcase> <!-- bangaloreWatchTitle -->
  <testcase classname="WorldClock.TestMain" name="bangaloreTime" time="0.0">
    <ignored/>
  </testcase> <!-- bangaloreTime -->
  <testcase classname="WorldClock.TestMain" name="NewYorkDate" time="0.0">
    <ignored/>
  </testcase> <!-- NewYorkDate -->
  <testcase classname="WorldClock.TestMain" name="londonWatchTitle" time="0.0">
    <ignored/>
  </testcase> <!-- londonWatchTitle -->
</testsuite> <!-- Test -->
